<?xml version="1.0" encoding="UTF-8"?>
<testsuites>
  <testsuite name="Project Test Suite" tests="1" assertions="1" failures="0" errors="0" time="12.434540">
    <testsuite name="Acme\DemoBundle\Tests\Controller\DemoControllerTest" file="/home/synapse/CulturalStore/lappstack/project/CulturalStore/src/Acme/DemoBundle/Tests/Controller/DemoControllerTest.php" namespace="Acme\DemoBundle\Tests\Controller" fullPackage="Acme.DemoBundle.Tests.Controller" tests="1" assertions="1" failures="0" errors="0" time="12.434540">
      <testcase name="testIndex" class="Acme\DemoBundle\Tests\Controller\DemoControllerTest" file="/home/synapse/CulturalStore/lappstack/project/CulturalStore/src/Acme/DemoBundle/Tests/Controller/DemoControllerTest.php" line="9" assertions="1" time="12.434540"/>
    </testsuite>
  </testsuite>
</testsuites>
